<?xml version="1.0" encoding="UTF-8"?>
<testng-results ignored="0" total="1" passed="1" failed="0" skipped="0">
  <reporter-output>
  </reporter-output>
  <suite started-at="2023-08-06T13:18:18 EET" name="Default suite" finished-at="2023-08-06T13:18:30 EET" duration-ms="12305">
    <groups>
    </groups>
    <test started-at="2023-08-06T13:18:18 EET" name="Default test" finished-at="2023-08-06T13:18:30 EET" duration-ms="12305">
      <class name="Routing.DeleteRoutingNG">
        <test-method is-config="true" signature="beforeMethod()[pri:0, instance:Routing.DeleteRoutingNG@708f5957]" started-at="2023-08-06T13:18:18 EET" name="beforeMethod" finished-at="2023-08-06T13:18:20 EET" duration-ms="2269" status="PASS">
          <reporter-output>
          </reporter-output>
        </test-method> <!-- beforeMethod -->
        <test-method signature="DeleteRoutingNG()[pri:0, instance:Routing.DeleteRoutingNG@708f5957]" started-at="2023-08-06T13:18:20 EET" name="DeleteRoutingNG" finished-at="2023-08-06T13:18:30 EET" duration-ms="9938" status="PASS">
          <reporter-output>
          </reporter-output>
        </test-method> <!-- DeleteRoutingNG -->
        <test-method is-config="true" signature="afterMethod()[pri:0, instance:Routing.DeleteRoutingNG@708f5957]" started-at="2023-08-06T13:18:30 EET" name="afterMethod" finished-at="2023-08-06T13:18:30 EET" duration-ms="67" status="PASS">
          <reporter-output>
          </reporter-output>
        </test-method> <!-- afterMethod -->
      </class> <!-- Routing.DeleteRoutingNG -->
    </test> <!-- Default test -->
  </suite> <!-- Default suite -->
</testng-results>
